d:\cppworkspace\lesson1-4\lesson1-4\debug\vc140.pdb
d:\cppworkspace\lesson1-4\lesson1-4\debug\vc140.idb
d:\cppworkspace\lesson1-4\lesson1-4\debug\automation.obj
d:\cppworkspace\lesson1-4\lesson1-4\debug\camera.obj
d:\cppworkspace\lesson1-4\lesson1-4\debug\console.obj
d:\cppworkspace\lesson1-4\lesson1-4\debug\direct3d.obj
d:\cppworkspace\lesson1-4\lesson1-4\debug\main.obj
d:\cppworkspace\lesson1-4\lesson1-4\debug\sky.obj
d:\cppworkspace\lesson1-4\lesson1-4\debug\snowman.obj
d:\cppworkspace\lesson1-4\lesson1-4\debug\box.obj
d:\cppworkspace\lesson1-4\lesson1-4\debug\spritemanager.obj
d:\cppworkspace\lesson1-4\lesson1-4\debug\standingsnowman.obj
d:\cppworkspace\lesson1-4\lesson1-4\debug\terrain.obj
d:\cppworkspace\lesson1-4\lesson1-4\debug\util.obj
d:\cppworkspace\lesson1-4\debug\lesson1-4.ilk
d:\cppworkspace\lesson1-4\debug\lesson1-4.exe
d:\cppworkspace\lesson1-4\debug\lesson1-4.pdb
d:\cppworkspace\lesson1-4\lesson1-4\debug\lesson1-4.tlog\cl.command.1.tlog
d:\cppworkspace\lesson1-4\lesson1-4\debug\lesson1-4.tlog\cl.read.1.tlog
d:\cppworkspace\lesson1-4\lesson1-4\debug\lesson1-4.tlog\cl.write.1.tlog
d:\cppworkspace\lesson1-4\lesson1-4\debug\lesson1-4.tlog\link.command.1.tlog
d:\cppworkspace\lesson1-4\lesson1-4\debug\lesson1-4.tlog\link.read.1.tlog
d:\cppworkspace\lesson1-4\lesson1-4\debug\lesson1-4.tlog\link.write.1.tlog
